        Time               NuH               NuC               Nua      Temperature
  250.000000    2.12094166e-05    0.00000000e+00    1.06047083e-05    1.64052419e-09
  500.000000    1.09726408e-04    0.00000000e+00    5.48632042e-05    5.44959944e-13
  750.000000    2.47848859e-04    0.00000000e+00    1.23924430e-04    5.32655937e-13
 1000.000000    3.94200934e-04    0.00000000e+00    1.97100467e-04    4.98990630e-13
 1250.000000    5.21979361e-04    0.00000000e+00    2.60989681e-04    4.67825964e-13
 1500.000000    6.30249550e-04    0.00000000e+00    3.15124775e-04    4.47660281e-13
 1750.000000    7.22849976e-04    0.00000000e+00    3.61424988e-04    8.98980433e-13
 2000.000000    7.97359954e-04    0.00000000e+00    3.98679977e-04    1.35740801e-11
 2250.000000    8.49182045e-04    0.00000000e+00    4.24591023e-04    1.32469268e-10
 2500.000000    8.75859179e-04    0.00000000e+00    4.37929590e-04    6.69202890e-10
 2750.000000    8.78426997e-04    0.00000000e+00    4.39213499e-04    2.44799467e-09
 3000.000000    8.63367073e-04    0.00000000e+00    4.31683537e-04    1.53330980e-08
 3250.000000    8.41029219e-04    0.00000000e+00    4.20514610e-04    1.72898652e-07
 3500.000000    8.20763089e-04    0.00000000e+00    4.10381544e-04    1.58110767e-06
 3750.000000    8.08378490e-04    0.00000000e+00    4.04189245e-04    9.56205908e-06
 4000.000000    8.05685609e-04    0.00000000e+00    4.02842804e-04    3.91883661e-05
 4250.000000    8.09236536e-04    0.00000000e+00    4.04618268e-04    1.16381603e-04
 4500.000000    8.14011891e-04    0.00000000e+00    4.07005946e-04    2.68518612e-04
 4750.000000    8.16885702e-04    0.00000000e+00    4.08442851e-04    5.14756085e-04
 5000.000000    8.17145780e-04    0.00000000e+00    4.08572890e-04    8.67405390e-04
 5250.000000    8.16304806e-04    0.00000000e+00    4.08152403e-04    1.33642727e-03
 5500.000000    8.15113556e-04    0.00000000e+00    4.07556778e-04    1.94069529e-03
 5750.000000    8.14483760e-04    0.00000000e+00    4.07241880e-04    2.72994517e-03
 6000.000000    8.14823727e-04    0.00000000e+00    4.07411864e-04    3.79798095e-03
 6250.000000    8.15416351e-04    0.00000000e+00    4.07708175e-04    5.29526580e-03
 6500.000000    8.16104388e-04    0.00000000e+00    4.08052194e-04    7.45731402e-03
 6750.000000    8.16577856e-04    0.00000000e+00    4.08288928e-04    1.06030418e-02
 7000.000000    8.16934853e-04    0.00000000e+00    4.08467426e-04    1.50529751e-02
 7250.000000    8.17149034e-04    0.00000000e+00    4.08574517e-04    2.10216643e-02
 7500.000000    8.17109641e-04    0.00000000e+00    4.08554821e-04    2.85696062e-02
 7750.000000    8.17194931e-04    0.00000000e+00    4.08597465e-04    3.76227720e-02
 8000.000000    8.17142950e-04    0.00000000e+00    4.08571475e-04    4.80569954e-02
 8250.000000    8.16829802e-04    0.00000000e+00    4.08414901e-04    5.97834213e-02
 8500.000000    8.16358093e-04    0.00000000e+00    4.08179047e-04    7.26657059e-02
 8750.000000    8.15623674e-04    0.00000000e+00    4.07811837e-04    8.62646733e-02
 9000.000000    8.14576837e-04    0.00000000e+00    4.07288418e-04    9.97145289e-02
 9250.000000    8.13128124e-04    0.00000000e+00    4.06564062e-04    1.11916812e-01
 9500.000000    8.11506213e-04    0.00000000e+00    4.05753106e-04    1.21819010e-01
 9750.000000    8.09777580e-04    0.00000000e+00    4.04888790e-04    1.28635363e-01
 10000.000000    8.07920264e-04    0.00000000e+00    4.03960132e-04    1.32069569e-01
 10250.000000    8.06293786e-04    0.00000000e+00    4.03146893e-04    1.32378527e-01
 10500.000000    8.05120636e-04    0.00000000e+00    4.02560318e-04    1.30209270e-01
 10750.000000    8.04513300e-04    0.00000000e+00    4.02256650e-04    1.26445993e-01
 11000.000000    8.04638407e-04    0.00000000e+00    4.02319203e-04    1.22100622e-01
 11250.000000    8.05676039e-04    0.00000000e+00    4.02838020e-04    1.18114241e-01
 11500.000000    8.07633059e-04    0.00000000e+00    4.03816529e-04    1.15201170e-01
 11750.000000    8.10309870e-04    0.00000000e+00    4.05154935e-04    1.13871441e-01
 12000.000000    8.13601959e-04    0.00000000e+00    4.06800980e-04    1.14480141e-01
 12250.000000    8.17307585e-04    0.00000000e+00    4.08653793e-04    1.17209011e-01
 12500.000000    8.21027441e-04    0.00000000e+00    4.10513721e-04    1.22104197e-01
 12750.000000    8.24439561e-04    0.00000000e+00    4.12219780e-04    1.29160781e-01
 13000.000000    8.27320140e-04    0.00000000e+00    4.13660070e-04    1.38288138e-01
 13250.000000    8.29479104e-04    0.00000000e+00    4.14739552e-04    1.49202989e-01
 13500.000000    8.30825254e-04    0.00000000e+00    4.15412627e-04    1.61425273e-01
 13750.000000    8.31439242e-04    0.00000000e+00    4.15719621e-04    1.74335553e-01
 14000.000000    8.31444180e-04    0.00000000e+00    4.15722090e-04    1.87212954e-01
 14250.000000    8.30841545e-04    0.00000000e+00    4.15420772e-04    1.99354553e-01
 14500.000000    8.29656681e-04    0.00000000e+00    4.14828341e-04    2.10254247e-01
 14750.000000    8.27999245e-04    0.00000000e+00    4.13999623e-04    2.19650476e-01
 15000.000000    8.25934889e-04    0.00000000e+00    4.12967444e-04    2.27467350e-01
 15250.000000    8.23527075e-04    0.00000000e+00    4.11763537e-04    2.33798851e-01
 15500.000000    8.20914629e-04    0.00000000e+00    4.10457315e-04    2.38885323e-01
 15750.000000    8.18265731e-04    0.00000000e+00    4.09132865e-04    2.43011830e-01
 16000.000000    8.15690313e-04    0.00000000e+00    4.07845157e-04    2.46442513e-01
 16250.000000    8.13313423e-04    0.00000000e+00    4.06656712e-04    2.49434264e-01
 16500.000000    8.11316098e-04    0.00000000e+00    4.05658049e-04    2.52215674e-01
 16750.000000    8.09804729e-04    0.00000000e+00    4.04902365e-04    2.54936445e-01
 17000.000000    8.08811431e-04    0.00000000e+00    4.04405716e-04    2.57686415e-01
 17250.000000    8.08363772e-04    0.00000000e+00    4.04181886e-04    2.60534808e-01
 17500.000000    8.08443906e-04    0.00000000e+00    4.04221953e-04    2.63510458e-01
 17750.000000    8.08930810e-04    0.00000000e+00    4.04465405e-04    2.66593640e-01
 18000.000000    8.09673954e-04    0.00000000e+00    4.04836977e-04    2.69759696e-01
 18250.000000    8.10556348e-04    0.00000000e+00    4.05278174e-04    2.72990839e-01
 18500.000000    8.11444218e-04    0.00000000e+00    4.05722109e-04    2.76249862e-01
 18750.000000    8.12209447e-04    0.00000000e+00    4.06104723e-04    2.79493710e-01
 19000.000000    8.12802448e-04    0.00000000e+00    4.06401224e-04    2.82702974e-01
 19250.000000    8.13230285e-04    0.00000000e+00    4.06615143e-04    2.85865010e-01
 19500.000000    8.13498254e-04    0.00000000e+00    4.06749127e-04    2.88957434e-01
 19750.000000    8.13633184e-04    0.00000000e+00    4.06816592e-04    2.91971748e-01
 20000.000000    8.13691427e-04    0.00000000e+00    4.06845714e-04    2.94919406e-01
 20250.000000    8.13699617e-04    0.00000000e+00    4.06849808e-04    2.97806410e-01
 20500.000000    8.13647194e-04    0.00000000e+00    4.06823597e-04    3.00635149e-01
 20750.000000    8.13526701e-04    0.00000000e+00    4.06763350e-04    3.03424181e-01
 21000.000000    8.13329901e-04    0.00000000e+00    4.06664950e-04    3.06195488e-01
 21250.000000    8.13022755e-04    0.00000000e+00    4.06511377e-04    3.08957625e-01
 21500.000000    8.12578720e-04    0.00000000e+00    4.06289360e-04    3.11720544e-01
 21750.000000    8.12001828e-04    0.00000000e+00    4.06000914e-04    3.14502413e-01
 22000.000000    8.11299282e-04    0.00000000e+00    4.05649641e-04    3.17310744e-01
 22250.000000    8.10477623e-04    0.00000000e+00    4.05238812e-04    3.20141414e-01
 22500.000000    8.09566120e-04    0.00000000e+00    4.04783060e-04    3.22995425e-01
 22750.000000    8.08606851e-04    0.00000000e+00    4.04303426e-04    3.25872855e-01
 23000.000000    8.07625842e-04    0.00000000e+00    4.03812921e-04    3.28759750e-01
 23250.000000    8.06645348e-04    0.00000000e+00    4.03322674e-04    3.31639514e-01
 23500.000000    8.05693964e-04    0.00000000e+00    4.02846982e-04    3.34502056e-01
 23750.000000    8.04785316e-04    0.00000000e+00    4.02392658e-04    3.37331164e-01
 24000.000000    8.03914180e-04    0.00000000e+00    4.01957090e-04    3.40102707e-01
 24250.000000    8.03077439e-04    0.00000000e+00    4.01538719e-04    3.42799483e-01
 24500.000000    8.02273384e-04    0.00000000e+00    4.01136692e-04    3.45409489e-01
 24750.000000    8.01487245e-04    0.00000000e+00    4.00743623e-04    3.47914973e-01
 25000.000000    8.00705334e-04    0.00000000e+00    4.00352667e-04    3.50300728e-01
 25250.000000    7.99925895e-04    0.00000000e+00    3.99962948e-04    3.52563500e-01
 25500.000000    7.99146635e-04    0.00000000e+00    3.99573317e-04    3.54702318e-01
 25750.000000    7.98361639e-04    0.00000000e+00    3.99180819e-04    3.56714843e-01
 26000.000000    7.97574054e-04    0.00000000e+00    3.98787027e-04    3.58608888e-01
 26250.000000    7.96792364e-04    0.00000000e+00    3.98396182e-04    3.60401489e-01
 26500.000000    7.96018056e-04    0.00000000e+00    3.98009028e-04    3.62107785e-01
 26750.000000    7.95253239e-04    0.00000000e+00    3.97626619e-04    3.63744902e-01
 27000.000000    7.94504838e-04    0.00000000e+00    3.97252419e-04    3.65338870e-01
 27250.000000    7.93775058e-04    0.00000000e+00    3.96887529e-04    3.66915623e-01
 27500.000000    7.93060358e-04    0.00000000e+00    3.96530179e-04    3.68495082e-01
 27750.000000    7.92359797e-04    0.00000000e+00    3.96179899e-04    3.70098868e-01
 28000.000000    7.91671661e-04    0.00000000e+00    3.95835830e-04    3.71749836e-01
 28250.000000    7.90987332e-04    0.00000000e+00    3.95493666e-04    3.73462351e-01
 28500.000000    7.90298230e-04    0.00000000e+00    3.95149115e-04    3.75244255e-01
 28750.000000    7.89597960e-04    0.00000000e+00    3.94798980e-04    3.77103478e-01
 29000.000000    7.88876532e-04    0.00000000e+00    3.94438266e-04    3.79042476e-01
 29250.000000    7.88122210e-04    0.00000000e+00    3.94061105e-04    3.81053707e-01
 29500.000000    7.87327780e-04    0.00000000e+00    3.93663890e-04    3.83126678e-01
 29750.000000    7.86487379e-04    0.00000000e+00    3.93243690e-04    3.85250134e-01
 30000.000000    7.85593879e-04    0.00000000e+00    3.92796939e-04    3.87405883e-01
 30250.000000    7.84644911e-04    0.00000000e+00    3.92322456e-04    3.89570917e-01
 30500.000000    7.83643193e-04    0.00000000e+00    3.91821597e-04    3.91724565e-01
 30750.000000    7.82591542e-04    0.00000000e+00    3.91295771e-04    3.93846249e-01
 31000.000000    7.81494618e-04    0.00000000e+00    3.90747309e-04    3.95912373e-01
 31250.000000    7.80362493e-04    0.00000000e+00    3.90181247e-04    3.97902371e-01
 31500.000000    7.79205869e-04    0.00000000e+00    3.89602934e-04    3.99801910e-01
 31750.000000    7.78033430e-04    0.00000000e+00    3.89016715e-04    4.01598311e-01
 32000.000000    7.76856079e-04    0.00000000e+00    3.88428039e-04    4.03281266e-01
 32250.000000    7.75685633e-04    0.00000000e+00    3.87842817e-04    4.04848258e-01
 32500.000000    7.74529953e-04    0.00000000e+00    3.87264977e-04    4.06302566e-01
 32750.000000    7.73395048e-04    0.00000000e+00    3.86697524e-04    4.07649093e-01
 33000.000000    7.72288271e-04    0.00000000e+00    3.86144136e-04    4.08897351e-01
 33250.000000    7.71214076e-04    0.00000000e+00    3.85607038e-04    4.10063098e-01
 33500.000000    7.70172862e-04    0.00000000e+00    3.85086431e-04    4.11163233e-01
 33750.000000    7.69165937e-04    0.00000000e+00    3.84582968e-04    4.12214190e-01
 34000.000000    7.68194733e-04    0.00000000e+00    3.84097367e-04    4.13235023e-01
 34250.000000    7.67256896e-04    0.00000000e+00    3.83628448e-04    4.14245264e-01
 34500.000000    7.66349341e-04    0.00000000e+00    3.83174670e-04    4.15260457e-01
 34750.000000    7.65471478e-04    0.00000000e+00    3.82735739e-04    4.16293726e-01
 35000.000000    7.64621017e-04    0.00000000e+00    3.82310508e-04    4.17357480e-01
 35250.000000    7.63793124e-04    0.00000000e+00    3.81896562e-04    4.18459853e-01
 35500.000000    7.62985183e-04    0.00000000e+00    3.81492592e-04    4.19603558e-01
 35750.000000    7.62195634e-04    0.00000000e+00    3.81097817e-04    4.20789266e-01
 36000.000000    7.61419872e-04    0.00000000e+00    3.80709936e-04    4.22015458e-01
 36250.000000    7.60653199e-04    0.00000000e+00    3.80326600e-04    4.23275889e-01
 36500.000000    7.59893777e-04    0.00000000e+00    3.79946888e-04    4.24561672e-01
 36750.000000    7.59138458e-04    0.00000000e+00    3.79569229e-04    4.25864101e-01
 37000.000000    7.58382019e-04    0.00000000e+00    3.79191010e-04    4.27173063e-01
 37250.000000    7.57621867e-04    0.00000000e+00    3.78810934e-04    4.28476567e-01
 37500.000000    7.56857210e-04    0.00000000e+00    3.78428605e-04    4.29763968e-01
 37750.000000    7.56085210e-04    0.00000000e+00    3.78042605e-04    4.31026600e-01
 38000.000000    7.55303802e-04    0.00000000e+00    3.77651901e-04    4.32255799e-01
 38250.000000    7.54514637e-04    0.00000000e+00    3.77257319e-04    4.33444132e-01
 38500.000000    7.53719201e-04    0.00000000e+00    3.76859600e-04    4.34587548e-01
 38750.000000    7.52917644e-04    0.00000000e+00    3.76458822e-04    4.35683897e-01
 39000.000000    7.52112853e-04    0.00000000e+00    3.76056426e-04    4.36731694e-01
 39250.000000    7.51309611e-04    0.00000000e+00    3.75654805e-04    4.37731928e-01
 39500.000000    7.50510520e-04    0.00000000e+00    3.75255260e-04    4.38688203e-01
 39750.000000    7.49717977e-04    0.00000000e+00    3.74858988e-04    4.39604479e-01
 40000.000000    7.48936805e-04    0.00000000e+00    3.74468403e-04    4.40485141e-01
 40250.000000    7.48170684e-04    0.00000000e+00    3.74085342e-04    4.41336319e-01
 40500.000000    7.47420645e-04    0.00000000e+00    3.73710323e-04    4.42164468e-01
 40750.000000    7.46688788e-04    0.00000000e+00    3.73344394e-04    4.42974860e-01
 41000.000000    7.45978014e-04    0.00000000e+00    3.72989007e-04    4.43772709e-01
 41250.000000    7.45288402e-04    0.00000000e+00    3.72644201e-04    4.44563459e-01
 41500.000000    7.44618966e-04    0.00000000e+00    3.72309483e-04    4.45351036e-01
 41750.000000    7.43970576e-04    0.00000000e+00    3.71985288e-04    4.46137840e-01
 42000.000000    7.43343184e-04    0.00000000e+00    3.71671592e-04    4.46926114e-01
 42250.000000    7.42734350e-04    0.00000000e+00    3.71367175e-04    4.47717318e-01
 42500.000000    7.42142720e-04    0.00000000e+00    3.71071360e-04    4.48511123e-01
 42750.000000    7.41568249e-04    0.00000000e+00    3.70784124e-04    4.49306572e-01
 43000.000000    7.41008887e-04    0.00000000e+00    3.70504444e-04    4.50102848e-01
 43250.000000    7.40461863e-04    0.00000000e+00    3.70230931e-04    4.50898239e-01
 43500.000000    7.39926486e-04    0.00000000e+00    3.69963243e-04    4.51690221e-01
 43750.000000    7.39401852e-04    0.00000000e+00    3.69700926e-04    4.52476803e-01
 44000.000000    7.38885148e-04    0.00000000e+00    3.69442574e-04    4.53256306e-01
 44250.000000    7.38374643e-04    0.00000000e+00    3.69187322e-04    4.54026544e-01
 44500.000000    7.37870208e-04    0.00000000e+00    3.68935104e-04    4.54785624e-01
 44750.000000    7.37370300e-04    0.00000000e+00    3.68685150e-04    4.55532624e-01
 45000.000000    7.36872789e-04    0.00000000e+00    3.68436395e-04    4.56266710e-01
 45250.000000    7.36377626e-04    0.00000000e+00    3.68188813e-04    4.56986914e-01
 45500.000000    7.35885045e-04    0.00000000e+00    3.67942523e-04    4.57693043e-01
 45750.000000    7.35393785e-04    0.00000000e+00    3.67696892e-04    4.58385475e-01
 46000.000000    7.34903552e-04    0.00000000e+00    3.67451776e-04    4.59064292e-01
 46250.000000    7.34415743e-04    0.00000000e+00    3.67207872e-04    4.59729675e-01
 46500.000000    7.33930727e-04    0.00000000e+00    3.66965364e-04    4.60382426e-01
 46750.000000    7.33448172e-04    0.00000000e+00    3.66724086e-04    4.61023251e-01
 47000.000000    7.32969417e-04    0.00000000e+00    3.66484709e-04    4.61652418e-01
 47250.000000    7.32496087e-04    0.00000000e+00    3.66248044e-04    4.62270454e-01
 47500.000000    7.32028244e-04    0.00000000e+00    3.66014122e-04    4.62878101e-01
 47750.000000    7.31566340e-04    0.00000000e+00    3.65783170e-04    4.63475629e-01
 48000.000000    7.31112105e-04    0.00000000e+00    3.65556052e-04    4.64063111e-01
 48250.000000    7.30666230e-04    0.00000000e+00    3.65333115e-04    4.64640959e-01
 48500.000000    7.30228382e-04    0.00000000e+00    3.65114191e-04    4.65209483e-01
 48750.000000    7.29799381e-04    0.00000000e+00    3.64899691e-04    4.65768594e-01
 49000.000000    7.29380298e-04    0.00000000e+00    3.64690149e-04    4.66318393e-01
 49250.000000    7.28970719e-04    0.00000000e+00    3.64485360e-04    4.66859271e-01
 49500.000000    7.28570322e-04    0.00000000e+00    3.64285161e-04    4.67391375e-01
 49750.000000    7.28179922e-04    0.00000000e+00    3.64089961e-04    4.67914770e-01
 50000.000000    7.27799561e-04    0.00000000e+00    3.63899780e-04    4.68429909e-01
 50250.000000    7.27428289e-04    0.00000000e+00    3.63714144e-04    4.68937317e-01
 50500.000000    7.27066093e-04    0.00000000e+00    3.63533047e-04    4.69437271e-01
 50750.000000    7.26713358e-04    0.00000000e+00    3.63356679e-04    4.69930205e-01
 51000.000000    7.26369234e-04    0.00000000e+00    3.63184617e-04    4.70416812e-01
 51250.000000    7.26032824e-04    0.00000000e+00    3.63016412e-04    4.70897582e-01
 51500.000000    7.25704281e-04    0.00000000e+00    3.62852140e-04    4.71372826e-01
 51750.000000    7.25383249e-04    0.00000000e+00    3.62691624e-04    4.71843040e-01
 52000.000000    7.25068460e-04    0.00000000e+00    3.62534230e-04    4.72308681e-01
 52250.000000    7.24759410e-04    0.00000000e+00    3.62379705e-04    4.72769859e-01
 52500.000000    7.24456113e-04    0.00000000e+00    3.62228057e-04    4.73226626e-01
 52750.000000    7.24157639e-04    0.00000000e+00    3.62078819e-04    4.73679124e-01
 53000.000000    7.23862967e-04    0.00000000e+00    3.61931483e-04    4.74127242e-01
 53250.000000    7.23572096e-04    0.00000000e+00    3.61786048e-04    4.74570622e-01
 53500.000000    7.23284825e-04    0.00000000e+00    3.61642412e-04    4.75008993e-01
 53750.000000    7.23000218e-04    0.00000000e+00    3.61500109e-04    4.75442082e-01
 54000.000000    7.22718013e-04    0.00000000e+00    3.61359007e-04    4.75869378e-01
 54250.000000    7.22438597e-04    0.00000000e+00    3.61219298e-04    4.76290375e-01
 54500.000000    7.22161676e-04    0.00000000e+00    3.61080838e-04    4.76704756e-01
 54750.000000    7.21886841e-04    0.00000000e+00    3.60943420e-04    4.77112169e-01
 55000.000000    7.21614586e-04    0.00000000e+00    3.60807293e-04    4.77512198e-01
 55250.000000    7.21345361e-04    0.00000000e+00    3.60672680e-04    4.77904646e-01
 55500.000000    7.21078936e-04    0.00000000e+00    3.60539468e-04    4.78289494e-01
 55750.000000    7.20815534e-04    0.00000000e+00    3.60407767e-04    4.78666687e-01
 56000.000000    7.20555942e-04    0.00000000e+00    3.60277971e-04    4.79036272e-01
 56250.000000    7.20300356e-04    0.00000000e+00    3.60150178e-04    4.79398551e-01
 56500.000000    7.20048687e-04    0.00000000e+00    3.60024344e-04    4.79753874e-01
 56750.000000    7.19801512e-04    0.00000000e+00    3.59900756e-04    4.80102557e-01
 57000.000000    7.19559364e-04    0.00000000e+00    3.59779682e-04    4.80445060e-01
 57250.000000    7.19322085e-04    0.00000000e+00    3.59661043e-04    4.80781955e-01
 57500.000000    7.19089729e-04    0.00000000e+00    3.59544864e-04    4.81113712e-01
 57750.000000    7.18862805e-04    0.00000000e+00    3.59431402e-04    4.81440760e-01
 58000.000000    7.18641305e-04    0.00000000e+00    3.59320653e-04    4.81763604e-01
 58250.000000    7.18424851e-04    0.00000000e+00    3.59212426e-04    4.82082676e-01
 58500.000000    7.18213557e-04    0.00000000e+00    3.59106779e-04    4.82398235e-01
 58750.000000    7.18007552e-04    0.00000000e+00    3.59003776e-04    4.82710515e-01
 59000.000000    7.17806352e-04    0.00000000e+00    3.58903176e-04    4.83019735e-01
 59250.000000    7.17609576e-04    0.00000000e+00    3.58804788e-04    4.83325947e-01
 59500.000000    7.17417274e-04    0.00000000e+00    3.58708637e-04    4.83629085e-01
 59750.000000    7.17229137e-04    0.00000000e+00    3.58614568e-04    4.83929103e-01
 60000.000000    7.17044517e-04    0.00000000e+00    3.58522259e-04    4.84225893e-01
 60250.000000    7.16863201e-04    0.00000000e+00    3.58431600e-04    4.84519221e-01
 60500.000000    7.16685103e-04    0.00000000e+00    3.58342552e-04    4.84808863e-01
 60750.000000    7.16509686e-04    0.00000000e+00    3.58254843e-04    4.85094649e-01
 61000.000000    7.16336500e-04    0.00000000e+00    3.58168250e-04    4.85376361e-01
 61250.000000    7.16165550e-04    0.00000000e+00    3.58082775e-04    4.85653765e-01
 61500.000000    7.15996655e-04    0.00000000e+00    3.57998327e-04    4.85926732e-01
 61750.000000    7.15829371e-04    0.00000000e+00    3.57914685e-04    4.86195185e-01
 62000.000000    7.15663641e-04    0.00000000e+00    3.57831820e-04    4.86459030e-01
 62250.000000    7.15499621e-04    0.00000000e+00    3.57749811e-04    4.86718244e-01
 62500.000000    7.15337131e-04    0.00000000e+00    3.57668566e-04    4.86972912e-01
 62750.000000    7.15176035e-04    0.00000000e+00    3.57588017e-04    4.87223130e-01
 63000.000000    7.15016603e-04    0.00000000e+00    3.57508302e-04    4.87468995e-01
 63250.000000    7.14858997e-04    0.00000000e+00    3.57429498e-04    4.87710690e-01
 63500.000000    7.14703111e-04    0.00000000e+00    3.57351556e-04    4.87948434e-01
 63750.000000    7.14549112e-04    0.00000000e+00    3.57274556e-04    4.88182407e-01
 64000.000000    7.14397350e-04    0.00000000e+00    3.57198675e-04    4.88412796e-01
 64250.000000    7.14247871e-04    0.00000000e+00    3.57123936e-04    4.88639828e-01
 64500.000000    7.14100666e-04    0.00000000e+00    3.57050333e-04    4.88863692e-01
 64750.000000    7.13956027e-04    0.00000000e+00    3.56978014e-04    4.89084514e-01
 65000.000000    7.13814146e-04    0.00000000e+00    3.56907073e-04    4.89302434e-01
 65250.000000    7.13674930e-04    0.00000000e+00    3.56837465e-04    4.89517579e-01
 65500.000000    7.13538437e-04    0.00000000e+00    3.56769219e-04    4.89730001e-01
 65750.000000    7.13404879e-04    0.00000000e+00    3.56702439e-04    4.89939726e-01
 66000.000000    7.13274194e-04    0.00000000e+00    3.56637097e-04    4.90146791e-01
 66250.000000    7.13146218e-04    0.00000000e+00    3.56573109e-04    4.90351196e-01
 66500.000000    7.13021015e-04    0.00000000e+00    3.56510508e-04    4.90552896e-01
 66750.000000    7.12898597e-04    0.00000000e+00    3.56449298e-04    4.90751859e-01
 67000.000000    7.12778714e-04    0.00000000e+00    3.56389357e-04    4.90948071e-01
 67250.000000    7.12661223e-04    0.00000000e+00    3.56330611e-04    4.91141484e-01
 67500.000000    7.12546136e-04    0.00000000e+00    3.56273068e-04    4.91332053e-01
 67750.000000    7.12433275e-04    0.00000000e+00    3.56216637e-04    4.91519774e-01
 68000.000000    7.12322361e-04    0.00000000e+00    3.56161180e-04    4.91704650e-01
 68250.000000    7.12213325e-04    0.00000000e+00    3.56106663e-04    4.91886672e-01
 68500.000000    7.12106110e-04    0.00000000e+00    3.56053055e-04    4.92065863e-01
 68750.000000    7.12000461e-04    0.00000000e+00    3.56000231e-04    4.92242280e-01
 69000.000000    7.11896215e-04    0.00000000e+00    3.55948107e-04    4.92415970e-01
 69250.000000    7.11793381e-04    0.00000000e+00    3.55896690e-04    4.92586982e-01
 69500.000000    7.11691853e-04    0.00000000e+00    3.55845926e-04    4.92755398e-01
 69750.000000    7.11591444e-04    0.00000000e+00    3.55795722e-04    4.92921303e-01
 70000.000000    7.11492154e-04    0.00000000e+00    3.55746077e-04    4.93084760e-01
 70250.000000    7.11394032e-04    0.00000000e+00    3.55697016e-04    4.93245842e-01
 70500.000000    7.11296975e-04    0.00000000e+00    3.55648487e-04    4.93404634e-01
 70750.000000    7.11200938e-04    0.00000000e+00    3.55600469e-04    4.93561196e-01
 71000.000000    7.11106037e-04    0.00000000e+00    3.55553018e-04    4.93715573e-01
 71250.000000    7.11012306e-04    0.00000000e+00    3.55506153e-04    4.93867816e-01
 71500.000000    7.10919690e-04    0.00000000e+00    3.55459845e-04    4.94017972e-01
 71750.000000    7.10828270e-04    0.00000000e+00    3.55414135e-04    4.94166057e-01
 72000.000000    7.10738175e-04    0.00000000e+00    3.55369088e-04    4.94312085e-01
 72250.000000    7.10649398e-04    0.00000000e+00    3.55324699e-04    4.94456081e-01
 72500.000000    7.10561943e-04    0.00000000e+00    3.55280971e-04    4.94598051e-01
 72750.000000    7.10475936e-04    0.00000000e+00    3.55237968e-04    4.94737989e-01
 73000.000000    7.10391435e-04    0.00000000e+00    3.55195718e-04    4.94875904e-01
 73250.000000    7.10308396e-04    0.00000000e+00    3.55154198e-04    4.95011808e-01
 73500.000000    7.10226861e-04    0.00000000e+00    3.55113430e-04    4.95145700e-01
 73750.000000    7.10146912e-04    0.00000000e+00    3.55073456e-04    4.95277588e-01
 74000.000000    7.10068509e-04    0.00000000e+00    3.55034255e-04    4.95407495e-01
 74250.000000    7.09991595e-04    0.00000000e+00    3.54995797e-04    4.95535444e-01
 74500.000000    7.09916207e-04    0.00000000e+00    3.54958104e-04    4.95661452e-01
 74750.000000    7.09842337e-04    0.00000000e+00    3.54921169e-04    4.95785553e-01
 75000.000000    7.09769876e-04    0.00000000e+00    3.54884938e-04    4.95907789e-01
 75250.000000    7.09698777e-04    0.00000000e+00    3.54849388e-04    4.96028194e-01
 75500.000000    7.09629040e-04    0.00000000e+00    3.54814520e-04    4.96146804e-01
 75750.000000    7.09560574e-04    0.00000000e+00    3.54780287e-04    4.96263669e-01
 76000.000000    7.09493263e-04    0.00000000e+00    3.54746631e-04    4.96378832e-01
 76250.000000    7.09427081e-04    0.00000000e+00    3.54713540e-04    4.96492326e-01
 76500.000000    7.09361984e-04    0.00000000e+00    3.54680992e-04    4.96604192e-01
 76750.000000    7.09297852e-04    0.00000000e+00    3.54648926e-04    4.96714469e-01
 77000.000000    7.09234618e-04    0.00000000e+00    3.54617309e-04    4.96823188e-01
 77250.000000    7.09172274e-04    0.00000000e+00    3.54586137e-04    4.96930373e-01
 77500.000000    7.09110753e-04    0.00000000e+00    3.54555377e-04    4.97036051e-01
 77750.000000    7.09049972e-04    0.00000000e+00    3.54524986e-04    4.97140247e-01
 78000.000000    7.08989927e-04    0.00000000e+00    3.54494963e-04    4.97242973e-01
 78250.000000    7.08930622e-04    0.00000000e+00    3.54465311e-04    4.97344244e-01
 78500.000000    7.08872000e-04    0.00000000e+00    3.54436000e-04    4.97444079e-01
 78750.000000    7.08814046e-04    0.00000000e+00    3.54407023e-04    4.97542489e-01
 79000.000000    7.08756804e-04    0.00000000e+00    3.54378402e-04    4.97639481e-01
 79250.000000    7.08700275e-04    0.00000000e+00    3.54350138e-04    4.97735069e-01
 79500.000000    7.08644438e-04    0.00000000e+00    3.54322219e-04    4.97829271e-01
 79750.000000    7.08589334e-04    0.00000000e+00    3.54294667e-04    4.97922094e-01
 80000.000000    7.08535012e-04    0.00000000e+00    3.54267506e-04    4.98013554e-01
 80250.000000    7.08481467e-04    0.00000000e+00    3.54240734e-04    4.98103670e-01
 80500.000000    7.08428710e-04    0.00000000e+00    3.54214355e-04    4.98192460e-01
 80750.000000    7.08376800e-04    0.00000000e+00    3.54188400e-04    4.98279939e-01
 81000.000000    7.08325754e-04    0.00000000e+00    3.54162877e-04    4.98366129e-01
 81250.000000    7.08275560e-04    0.00000000e+00    3.54137780e-04    4.98451054e-01
 81500.000000    7.08226242e-04    0.00000000e+00    3.54113121e-04    4.98534733e-01
 81750.000000    7.08177832e-04    0.00000000e+00    3.54088916e-04    4.98617184e-01
 82000.000000    7.08130307e-04    0.00000000e+00    3.54065154e-04    4.98698431e-01
 82250.000000    7.08083648e-04    0.00000000e+00    3.54041824e-04    4.98778496e-01
 82500.000000    7.08037870e-04    0.00000000e+00    3.54018935e-04    4.98857394e-01
 82750.000000    7.07992956e-04    0.00000000e+00    3.53996478e-04    4.98935146e-01
 83000.000000    7.07948858e-04    0.00000000e+00    3.53974429e-04    4.99011770e-01
 83250.000000    7.07905554e-04    0.00000000e+00    3.53952777e-04    4.99087281e-01
 83500.000000    7.07863036e-04    0.00000000e+00    3.53931518e-04    4.99161693e-01
 83750.000000    7.07821251e-04    0.00000000e+00    3.53910626e-04    4.99235023e-01
 84000.000000    7.07780150e-04    0.00000000e+00    3.53890075e-04    4.99307287e-01
 84250.000000    7.07739716e-04    0.00000000e+00    3.53869858e-04    4.99378495e-01
 84500.000000    7.07699917e-04    0.00000000e+00    3.53849958e-04    4.99448662e-01
 84750.000000    7.07660697e-04    0.00000000e+00    3.53830348e-04    4.99517804e-01
 85000.000000    7.07622026e-04    0.00000000e+00    3.53811013e-04    4.99585935e-01
 85250.000000    7.07583894e-04    0.00000000e+00    3.53791947e-04    4.99653067e-01
 85500.000000    7.07546266e-04    0.00000000e+00    3.53773133e-04    4.99719218e-01
 85750.000000    7.07509106e-04    0.00000000e+00    3.53754553e-04    4.99784404e-01
 86000.000000    7.07472413e-04    0.00000000e+00    3.53736206e-04    4.99848640e-01
 86250.000000    7.07436182e-04    0.00000000e+00    3.53718091e-04    4.99911942e-01
 86500.000000    7.07400389e-04    0.00000000e+00    3.53700194e-04    4.99974328e-01
 86750.000000    7.07365031e-04    0.00000000e+00    3.53682515e-04    5.00035815e-01
 87000.000000    7.07330125e-04    0.00000000e+00    3.53665062e-04    5.00096416e-01
 87250.000000    7.07295669e-04    0.00000000e+00    3.53647835e-04    5.00156150e-01
 87500.000000    7.07261657e-04    0.00000000e+00    3.53630829e-04    5.00215032e-01
 87750.000000    7.07228110e-04    0.00000000e+00    3.53614055e-04    5.00273073e-01
 88000.000000    7.07195045e-04    0.00000000e+00    3.53597523e-04    5.00330288e-01
 88250.000000    7.07162459e-04    0.00000000e+00    3.53581230e-04    5.00386689e-01
 88500.000000    7.07130360e-04    0.00000000e+00    3.53565180e-04    5.00442287e-01
 88750.000000    7.07098772e-04    0.00000000e+00    3.53549386e-04    5.00497090e-01
 89000.000000    7.07067697e-04    0.00000000e+00    3.53533849e-04    5.00551107e-01
 89250.000000    7.07037131e-04    0.00000000e+00    3.53518565e-04    5.00604349e-01
 89500.000000    7.07007083e-04    0.00000000e+00    3.53503542e-04    5.00656819e-01
 89750.000000    7.06977563e-04    0.00000000e+00    3.53488781e-04    5.00708526e-01
 90000.000000    7.06948556e-04    0.00000000e+00    3.53474278e-04    5.00759478e-01
 90250.000000    7.06920055e-04    0.00000000e+00    3.53460027e-04    5.00809680e-01
 90500.000000    7.06892061e-04    0.00000000e+00    3.53446030e-04    5.00859140e-01
 90750.000000    7.06864562e-04    0.00000000e+00    3.53432281e-04    5.00907866e-01
 91000.000000    7.06837536e-04    0.00000000e+00    3.53418768e-04    5.00955866e-01
 91250.000000    7.06810971e-04    0.00000000e+00    3.53405486e-04    5.01003149e-01
 91500.000000    7.06784860e-04    0.00000000e+00    3.53392430e-04    5.01049726e-01
 91750.000000    7.06759175e-04    0.00000000e+00    3.53379587e-04    5.01095607e-01
 92000.000000    7.06733895e-04    0.00000000e+00    3.53366947e-04    5.01140805e-01
 92250.000000    7.06709010e-04    0.00000000e+00    3.53354505e-04    5.01185330e-01
 92500.000000    7.06684503e-04    0.00000000e+00    3.53342251e-04    5.01229196e-01
 92750.000000    7.06660348e-04    0.00000000e+00    3.53330174e-04    5.01272417e-01
 93000.000000    7.06636533e-04    0.00000000e+00    3.53318267e-04    5.01315005e-01
 93250.000000    7.06613051e-04    0.00000000e+00    3.53306525e-04    5.01356974e-01
 93500.000000    7.06589883e-04    0.00000000e+00    3.53294942e-04    5.01398336e-01
 93750.000000    7.06567016e-04    0.00000000e+00    3.53283508e-04    5.01439105e-01
 94000.000000    7.06544447e-04    0.00000000e+00    3.53272224e-04    5.01479290e-01
 94250.000000    7.06522173e-04    0.00000000e+00    3.53261087e-04    5.01518905e-01
 94500.000000    7.06500183e-04    0.00000000e+00    3.53250092e-04    5.01557959e-01
 94750.000000    7.06478476e-04    0.00000000e+00    3.53239238e-04    5.01596460e-01
 95000.000000    7.06457057e-04    0.00000000e+00    3.53228528e-04    5.01634418e-01
 95250.000000    7.06435924e-04    0.00000000e+00    3.53217962e-04    5.01671840e-01
 95500.000000    7.06415074e-04    0.00000000e+00    3.53207537e-04    5.01708732e-01
 95750.000000    7.06394517e-04    0.00000000e+00    3.53197259e-04    5.01745101e-01
 96000.000000    7.06374257e-04    0.00000000e+00    3.53187129e-04    5.01780951e-01
 96250.000000    7.06354292e-04    0.00000000e+00    3.53177146e-04    5.01816287e-01
 96500.000000    7.06334626e-04    0.00000000e+00    3.53167313e-04    5.01851115e-01
 96750.000000    7.06315267e-04    0.00000000e+00    3.53157633e-04    5.01885438e-01
 97000.000000    7.06296215e-04    0.00000000e+00    3.53148107e-04    5.01919260e-01
 97250.000000    7.06277466e-04    0.00000000e+00    3.53138733e-04    5.01952587e-01
 97500.000000    7.06259025e-04    0.00000000e+00    3.53129513e-04    5.01985424e-01
 97750.000000    7.06240894e-04    0.00000000e+00    3.53120447e-04    5.02017774e-01
 98000.000000    7.06223064e-04    0.00000000e+00    3.53111532e-04    5.02049645e-01
 98250.000000    7.06205532e-04    0.00000000e+00    3.53102766e-04    5.02081042e-01
 98500.000000    7.06188298e-04    0.00000000e+00    3.53094149e-04    5.02111971e-01
 98750.000000    7.06171353e-04    0.00000000e+00    3.53085677e-04    5.02142439e-01
 99000.000000    7.06154688e-04    0.00000000e+00    3.53077344e-04    5.02172455e-01
 99250.000000    7.06138296e-04    0.00000000e+00    3.53069148e-04    5.02202024e-01
 99500.000000    7.06122171e-04    0.00000000e+00    3.53061086e-04    5.02231156e-01
 99750.000000    7.06106302e-04    0.00000000e+00    3.53053151e-04    5.02259857e-01
 100000.000000    7.06090677e-04    0.00000000e+00    3.53045338e-04    5.02288137e-01
 100250.000000    7.06075291e-04    0.00000000e+00    3.53037645e-04    5.02316003e-01
 100500.000000    7.06060134e-04    0.00000000e+00    3.53030067e-04    5.02343462e-01
 100750.000000    7.06045195e-04    0.00000000e+00    3.53022598e-04    5.02370523e-01
 101000.000000    7.06030468e-04    0.00000000e+00    3.53015234e-04    5.02397194e-01
 101250.000000    7.06015947e-04    0.00000000e+00    3.53007973e-04    5.02423479e-01
 101500.000000    7.06001623e-04    0.00000000e+00    3.53000812e-04    5.02449388e-01
 101750.000000    7.05987491e-04    0.00000000e+00    3.52993745e-04    5.02474926e-01
 102000.000000    7.05973548e-04    0.00000000e+00    3.52986774e-04    5.02500099e-01
 102250.000000    7.05959792e-04    0.00000000e+00    3.52979896e-04    5.02524912e-01
 102500.000000    7.05946216e-04    0.00000000e+00    3.52973108e-04    5.02549372e-01
 102750.000000    7.05932821e-04    0.00000000e+00    3.52966411e-04    5.02573482e-01
 103000.000000    7.05919608e-04    0.00000000e+00    3.52959804e-04    5.02597247e-01
 103250.000000    7.05906576e-04    0.00000000e+00    3.52953288e-04    5.02620673e-01
 103500.000000    7.05893722e-04    0.00000000e+00    3.52946861e-04    5.02643762e-01
 103750.000000    7.05881050e-04    0.00000000e+00    3.52940525e-04    5.02666519e-01
 104000.000000    7.05868563e-04    0.00000000e+00    3.52934281e-04    5.02688947e-01
 104250.000000    7.05856257e-04    0.00000000e+00    3.52928129e-04    5.02711052e-01
 104500.000000    7.05844136e-04    0.00000000e+00    3.52922068e-04    5.02732835e-01
 104750.000000    7.05832201e-04    0.00000000e+00    3.52916100e-04    5.02754301e-01
 105000.000000    7.05820452e-04    0.00000000e+00    3.52910226e-04    5.02775454e-01
 105250.000000    7.05808887e-04    0.00000000e+00    3.52904443e-04    5.02796297e-01
 105500.000000    7.05797507e-04    0.00000000e+00    3.52898754e-04    5.02816834e-01
 105750.000000    7.05786312e-04    0.00000000e+00    3.52893156e-04    5.02837070e-01
 106000.000000    7.05775298e-04    0.00000000e+00    3.52887649e-04    5.02857008e-01
 106250.000000    7.05764462e-04    0.00000000e+00    3.52882231e-04    5.02876652e-01
 106500.000000    7.05753804e-04    0.00000000e+00    3.52876902e-04    5.02896006e-01
 106750.000000    7.05743319e-04    0.00000000e+00    3.52871659e-04    5.02915076e-01
 107000.000000    7.05733000e-04    0.00000000e+00    3.52866500e-04    5.02933864e-01
 107250.000000    7.05722847e-04    0.00000000e+00    3.52861423e-04    5.02952376e-01
 107500.000000    7.05712853e-04    0.00000000e+00    3.52856427e-04    5.02970615e-01
 107750.000000    7.05703013e-04    0.00000000e+00    3.52851507e-04    5.02988587e-01
 108000.000000    7.05693322e-04    0.00000000e+00    3.52846661e-04    5.03006295e-01
 108250.000000    7.05683777e-04    0.00000000e+00    3.52841888e-04    5.03023745e-01
 108500.000000    7.05674371e-04    0.00000000e+00    3.52837186e-04    5.03040940e-01
 108750.000000    7.05665101e-04    0.00000000e+00    3.52832550e-04    5.03057885e-01
 109000.000000    7.05655961e-04    0.00000000e+00    3.52827981e-04    5.03074584e-01
 109250.000000    7.05646950e-04    0.00000000e+00    3.52823475e-04    5.03091041e-01
 109500.000000    7.05638063e-04    0.00000000e+00    3.52819031e-04    5.03107261e-01
 109750.000000    7.05629296e-04    0.00000000e+00    3.52814648e-04    5.03123247e-01
 110000.000000    7.05620650e-04    0.00000000e+00    3.52810325e-04    5.03139002e-01
 110250.000000    7.05612120e-04    0.00000000e+00    3.52806060e-04    5.03154532e-01
 110500.000000    7.05603706e-04    0.00000000e+00    3.52801853e-04    5.03169838e-01
 110750.000000    7.05595407e-04    0.00000000e+00    3.52797703e-04    5.03184925e-01
 111000.000000    7.05587222e-04    0.00000000e+00    3.52793611e-04    5.03199795e-01
 111250.000000    7.05579152e-04    0.00000000e+00    3.52789576e-04    5.03214452e-01
 111500.000000    7.05571194e-04    0.00000000e+00    3.52785597e-04    5.03228899e-01
 111750.000000    7.05563350e-04    0.00000000e+00    3.52781675e-04    5.03243137e-01
 112000.000000    7.05555621e-04    0.00000000e+00    3.52777810e-04    5.03257170e-01
 112250.000000    7.05548005e-04    0.00000000e+00    3.52774002e-04    5.03271001e-01
 112500.000000    7.05540503e-04    0.00000000e+00    3.52770251e-04    5.03284631e-01
 112750.000000    7.05533115e-04    0.00000000e+00    3.52766557e-04    5.03298063e-01
 113000.000000    7.05525840e-04    0.00000000e+00    3.52762920e-04    5.03311300e-01
 113250.000000    7.05518678e-04    0.00000000e+00    3.52759339e-04    5.03324344e-01
 113500.000000    7.05511629e-04    0.00000000e+00    3.52755814e-04    5.03337197e-01
 113750.000000    7.05504691e-04    0.00000000e+00    3.52752345e-04    5.03349861e-01
 114000.000000    7.05497862e-04    0.00000000e+00    3.52748931e-04    5.03362339e-01
 114250.000000    7.05491141e-04    0.00000000e+00    3.52745571e-04    5.03374634e-01
 114500.000000    7.05484527e-04    0.00000000e+00    3.52742263e-04    5.03386748e-01
 114750.000000    7.05478017e-04    0.00000000e+00    3.52739008e-04    5.03398683e-01
 115000.000000    7.05471607e-04    0.00000000e+00    3.52735804e-04    5.03410443e-01
 115250.000000    7.05465298e-04    0.00000000e+00    3.52732649e-04    5.03422030e-01
 115500.000000    7.05459085e-04    0.00000000e+00    3.52729543e-04    5.03433446e-01
 115750.000000    7.05452966e-04    0.00000000e+00    3.52726483e-04    5.03444695e-01
 116000.000000    7.05446938e-04    0.00000000e+00    3.52723469e-04    5.03455779e-01
 116250.000000    7.05441000e-04    0.00000000e+00    3.52720500e-04    5.03466701e-01
 116500.000000    7.05435148e-04    0.00000000e+00    3.52717574e-04    5.03477463e-01
 116750.000000    7.05429379e-04    0.00000000e+00    3.52714690e-04    5.03488070e-01
 117000.000000    7.05423693e-04    0.00000000e+00    3.52711846e-04    5.03498522e-01
 117250.000000    7.05418086e-04    0.00000000e+00    3.52709043e-04    5.03508823e-01
 117500.000000    7.05412558e-04    0.00000000e+00    3.52706279e-04    5.03518976e-01
 117750.000000    7.05407106e-04    0.00000000e+00    3.52703553e-04    5.03528982e-01
 118000.000000    7.05401729e-04    0.00000000e+00    3.52700865e-04    5.03538844e-01
 118250.000000    7.05396427e-04    0.00000000e+00    3.52698213e-04    5.03548565e-01
 118500.000000    7.05391198e-04    0.00000000e+00    3.52695599e-04    5.03558146e-01
 118750.000000    7.05386041e-04    0.00000000e+00    3.52693021e-04    5.03567589e-01
 119000.000000    7.05380957e-04    0.00000000e+00    3.52690479e-04    5.03576897e-01
 119250.000000    7.05375945e-04    0.00000000e+00    3.52687972e-04    5.03586071e-01
 119500.000000    7.05371003e-04    0.00000000e+00    3.52685502e-04    5.03595113e-01
 119750.000000    7.05366134e-04    0.00000000e+00    3.52683067e-04    5.03604024e-01
 120000.000000    7.05361335e-04    0.00000000e+00    3.52680667e-04    5.03612807e-01
 120250.000000    7.05356606e-04    0.00000000e+00    3.52678303e-04    5.03621462e-01
 120500.000000    7.05351949e-04    0.00000000e+00    3.52675974e-04    5.03629992e-01
 120750.000000    7.05347361e-04    0.00000000e+00    3.52673680e-04    5.03638397e-01
 121000.000000    7.05342843e-04    0.00000000e+00    3.52671421e-04    5.03646680e-01
 121250.000000    7.05338394e-04    0.00000000e+00    3.52669197e-04    5.03654842e-01
 121500.000000    7.05334013e-04    0.00000000e+00    3.52667007e-04    5.03662884e-01
 121750.000000    7.05329701e-04    0.00000000e+00    3.52664850e-04    5.03670809e-01
 122000.000000    7.05325455e-04    0.00000000e+00    3.52662727e-04    5.03678617e-01
 122250.000000    7.05321274e-04    0.00000000e+00    3.52660637e-04    5.03686310e-01
 122500.000000    7.05317159e-04    0.00000000e+00    3.52658579e-04    5.03693891e-01
 122750.000000    7.05313106e-04    0.00000000e+00    3.52656553e-04    5.03701360e-01
 123000.000000    7.05309116e-04    0.00000000e+00    3.52654558e-04    5.03708719e-01
 123250.000000    7.05305186e-04    0.00000000e+00    3.52652593e-04    5.03715971e-01
 123500.000000    7.05301315e-04    0.00000000e+00    3.52650658e-04    5.03723116e-01
 123750.000000    7.05297502e-04    0.00000000e+00    3.52648751e-04    5.03730157e-01
 124000.000000    7.05293746e-04    0.00000000e+00    3.52646873e-04    5.03737095e-01
 124250.000000    7.05290044e-04    0.00000000e+00    3.52645022e-04    5.03743932e-01
 124500.000000    7.05286396e-04    0.00000000e+00    3.52643198e-04    5.03750670e-01
 124750.000000    7.05282801e-04    0.00000000e+00    3.52641400e-04    5.03757310e-01
 125000.000000    7.05279256e-04    0.00000000e+00    3.52639628e-04    5.03763854e-01
 125250.000000    7.05275762e-04    0.00000000e+00    3.52637881e-04    5.03770303e-01
 125500.000000    7.05272317e-04    0.00000000e+00    3.52636158e-04    5.03776659e-01
 125750.000000    7.05268920e-04    0.00000000e+00    3.52634460e-04    5.03782923e-01
 126000.000000    7.05265571e-04    0.00000000e+00    3.52632785e-04    5.03789097e-01
 126250.000000    7.05262268e-04    0.00000000e+00    3.52631134e-04    5.03795182e-01
 126500.000000    7.05259012e-04    0.00000000e+00    3.52629506e-04    5.03801180e-01
 126750.000000    7.05255801e-04    0.00000000e+00    3.52627901e-04    5.03807090e-01
 127000.000000    7.05252636e-04    0.00000000e+00    3.52626318e-04    5.03812916e-01
 127250.000000    7.05249516e-04    0.00000000e+00    3.52624758e-04    5.03818658e-01
 127500.000000    7.05246441e-04    0.00000000e+00    3.52623221e-04    5.03824316e-01
 127750.000000    7.05243410e-04    0.00000000e+00    3.52621705e-04    5.03829893e-01
 128000.000000    7.05240424e-04    0.00000000e+00    3.52620212e-04    5.03835388e-01
 128250.000000    7.05237481e-04    0.00000000e+00    3.52618741e-04    5.03840804e-01
 128500.000000    7.05234583e-04    0.00000000e+00    3.52617291e-04    5.03846142e-01
 128750.000000    7.05231727e-04    0.00000000e+00    3.52615864e-04    5.03851401e-01
 129000.000000    7.05228915e-04    0.00000000e+00    3.52614457e-04    5.03856584e-01
 129250.000000    7.05226145e-04    0.00000000e+00    3.52613072e-04    5.03861691e-01
 129500.000000    7.05223417e-04    0.00000000e+00    3.52611708e-04    5.03866724e-01
 129750.000000    7.05220730e-04    0.00000000e+00    3.52610365e-04    5.03871683e-01
 130000.000000    7.05218085e-04    0.00000000e+00    3.52609042e-04    5.03876569e-01
 130250.000000    7.05215479e-04    0.00000000e+00    3.52607740e-04    5.03881384e-01
 130500.000000    7.05212914e-04    0.00000000e+00    3.52606457e-04    5.03886128e-01
 130750.000000    7.05210387e-04    0.00000000e+00    3.52605194e-04    5.03890803e-01
 131000.000000    7.05207898e-04    0.00000000e+00    3.52603949e-04    5.03895410e-01
 131250.000000    7.05205447e-04    0.00000000e+00    3.52602723e-04    5.03899949e-01
 131500.000000    7.05203032e-04    0.00000000e+00    3.52601516e-04    5.03904422e-01
 131750.000000    7.05200653e-04    0.00000000e+00    3.52600326e-04    5.03908829e-01
 132000.000000    7.05198308e-04    0.00000000e+00    3.52599154e-04    5.03913173e-01
 132250.000000    7.05195998e-04    0.00000000e+00    3.52597999e-04    5.03917453e-01
 132500.000000    7.05193721e-04    0.00000000e+00    3.52596861e-04    5.03921671e-01
 132750.000000    7.05191477e-04    0.00000000e+00    3.52595739e-04    5.03925828e-01
 133000.000000    7.05189265e-04    0.00000000e+00    3.52594633e-04    5.03929924e-01
 133250.000000    7.05187085e-04    0.00000000e+00    3.52593542e-04    5.03933961e-01
 133500.000000    7.05184935e-04    0.00000000e+00    3.52592467e-04    5.03937940e-01
 133750.000000    7.05182815e-04    0.00000000e+00    3.52591408e-04    5.03941861e-01
 134000.000000    7.05180726e-04    0.00000000e+00    3.52590363e-04    5.03945726e-01
 134250.000000    7.05178666e-04    0.00000000e+00    3.52589333e-04    5.03949534e-01
 134500.000000    7.05176635e-04    0.00000000e+00    3.52588317e-04    5.03953288e-01
 134750.000000    7.05174633e-04    0.00000000e+00    3.52587316e-04    5.03956988e-01
 135000.000000    7.05172660e-04    0.00000000e+00    3.52586330e-04    5.03960634e-01
 135250.000000    7.05170714e-04    0.00000000e+00    3.52585357e-04    5.03964227e-01
 135500.000000    7.05168797e-04    0.00000000e+00    3.52584399e-04    5.03967768e-01
 135750.000000    7.05166908e-04    0.00000000e+00    3.52583454e-04    5.03971258e-01
 136000.000000    7.05165046e-04    0.00000000e+00    3.52582523e-04    5.03974697e-01
 136250.000000    7.05163212e-04    0.00000000e+00    3.52581606e-04    5.03978087e-01
 136500.000000    7.05161405e-04    0.00000000e+00    3.52580703e-04    5.03981427e-01
 136750.000000    7.05159625e-04    0.00000000e+00    3.52579812e-04    5.03984718e-01
 137000.000000    7.05157871e-04    0.00000000e+00    3.52578936e-04    5.03987962e-01
 137250.000000    7.05156144e-04    0.00000000e+00    3.52578072e-04    5.03991158e-01
 137500.000000    7.05154442e-04    0.00000000e+00    3.52577221e-04    5.03994308e-01
 137750.000000    7.05152766e-04    0.00000000e+00    3.52576383e-04    5.03997411e-01
 138000.000000    7.05151116e-04    0.00000000e+00    3.52575558e-04    5.04000470e-01
 138250.000000    7.05149490e-04    0.00000000e+00    3.52574745e-04    5.04003483e-01
 138500.000000    7.05147888e-04    0.00000000e+00    3.52573944e-04    5.04006453e-01
 138750.000000    7.05146311e-04    0.00000000e+00    3.52573155e-04    5.04009379e-01
 139000.000000    7.05144757e-04    0.00000000e+00    3.52572379e-04    5.04012262e-01
 139250.000000    7.05143226e-04    0.00000000e+00    3.52571613e-04    5.04015103e-01
 139500.000000    7.05141718e-04    0.00000000e+00    3.52570859e-04    5.04017903e-01
 139750.000000    7.05140232e-04    0.00000000e+00    3.52570116e-04    5.04020662e-01
 140000.000000    7.05138767e-04    0.00000000e+00    3.52569384e-04    5.04023381e-01
 140250.000000    7.05137324e-04    0.00000000e+00    3.52568662e-04    5.04026060e-01
 140500.000000    7.05135902e-04    0.00000000e+00    3.52567951e-04    5.04028700e-01
 140750.000000    7.05134500e-04    0.00000000e+00    3.52567250e-04    5.04031302e-01
 141000.000000    7.05133118e-04    0.00000000e+00    3.52566559e-04    5.04033867e-01
 141250.000000    7.05131756e-04    0.00000000e+00    3.52565878e-04    5.04036394e-01
 141500.000000    7.05130413e-04    0.00000000e+00    3.52565206e-04    5.04038884e-01
 141750.000000    7.05129089e-04    0.00000000e+00    3.52564545e-04    5.04041339e-01
 142000.000000    7.05127784e-04    0.00000000e+00    3.52563892e-04    5.04043758e-01
 142250.000000    7.05126498e-04    0.00000000e+00    3.52563249e-04    5.04046142e-01
 142500.000000    7.05125230e-04    0.00000000e+00    3.52562615e-04    5.04048491e-01
 142750.000000    7.05123981e-04    0.00000000e+00    3.52561990e-04    5.04050807e-01
 143000.000000    7.05122749e-04    0.00000000e+00    3.52561374e-04    5.04053089e-01
 143250.000000    7.05121535e-04    0.00000000e+00    3.52560767e-04    5.04055338e-01
 143500.000000    7.05120338e-04    0.00000000e+00    3.52560169e-04    5.04057554e-01
 143750.000000    7.05119159e-04    0.00000000e+00    3.52559580e-04    5.04059739e-01
 144000.000000    7.05117997e-04    0.00000000e+00    3.52558999e-04    5.04061891e-01
 144250.000000    7.05116852e-04    0.00000000e+00    3.52558426e-04    5.04064012e-01
 144500.000000    7.05115724e-04    0.00000000e+00    3.52557862e-04    5.04066103e-01
 144750.000000    7.05114613e-04    0.00000000e+00    3.52557307e-04    5.04068163e-01
 145000.000000    7.05113518e-04    0.00000000e+00    3.52556759e-04    5.04070193e-01
 145250.000000    7.05112440e-04    0.00000000e+00    3.52556220e-04    5.04072193e-01
 145500.000000    7.05111377e-04    0.00000000e+00    3.52555689e-04    5.04074164e-01
 145750.000000    7.05110331e-04    0.00000000e+00    3.52555165e-04    5.04076107e-01
 146000.000000    7.05109300e-04    0.00000000e+00    3.52554650e-04    5.04078021e-01
 146250.000000    7.05108284e-04    0.00000000e+00    3.52554142e-04    5.04079907e-01
 146500.000000    7.05107284e-04    0.00000000e+00    3.52553642e-04    5.04081765e-01
 146750.000000    7.05106298e-04    0.00000000e+00    3.52553149e-04    5.04083597e-01
 147000.000000    7.05105327e-04    0.00000000e+00    3.52552664e-04    5.04085402e-01
 147250.000000    7.05104370e-04    0.00000000e+00    3.52552185e-04    5.04087180e-01
 147500.000000    7.05103428e-04    0.00000000e+00    3.52551714e-04    5.04088933e-01
 147750.000000    7.05102499e-04    0.00000000e+00    3.52551249e-04    5.04090660e-01
 148000.000000    7.05101583e-04    0.00000000e+00    3.52550792e-04    5.04092362e-01
 148250.000000    7.05100681e-04    0.00000000e+00    3.52550340e-04    5.04094039e-01
 148500.000000    7.05099792e-04    0.00000000e+00    3.52549896e-04    5.04095692e-01
 148750.000000    7.05098915e-04    0.00000000e+00    3.52549458e-04    5.04097320e-01
 149000.000000    7.05098052e-04    0.00000000e+00    3.52549026e-04    5.04098926e-01
 149250.000000    7.05097200e-04    0.00000000e+00    3.52548600e-04    5.04100507e-01
 149500.000000    7.05096361e-04    0.00000000e+00    3.52548181e-04    5.04102066e-01
 149750.000000    7.05095534e-04    0.00000000e+00    3.52547767e-04    5.04103603e-01
 150000.000000    7.05094719e-04    0.00000000e+00    3.52547359e-04    5.04105117e-01
 150250.000000    7.05093915e-04    0.00000000e+00    3.52546957e-04    5.04106609e-01
 150500.000000    7.05093123e-04    0.00000000e+00    3.52546561e-04    5.04108080e-01
 150750.000000    7.05092342e-04    0.00000000e+00    3.52546171e-04    5.04109529e-01
 151000.000000    7.05091572e-04    0.00000000e+00    3.52545786e-04    5.04110958e-01
 151250.000000    7.05090814e-04    0.00000000e+00    3.52545407e-04    5.04112365e-01
 151500.000000    7.05090066e-04    0.00000000e+00    3.52545033e-04    5.04113752e-01
 151750.000000    7.05089330e-04    0.00000000e+00    3.52544665e-04    5.04115119e-01
 152000.000000    7.05088604e-04    0.00000000e+00    3.52544302e-04    5.04116467e-01
 152250.000000    7.05087889e-04    0.00000000e+00    3.52543945e-04    5.04117794e-01
 152500.000000    7.05087184e-04    0.00000000e+00    3.52543592e-04    5.04119102e-01
 152750.000000    7.05086490e-04    0.00000000e+00    3.52543245e-04    5.04120392e-01
 153000.000000    7.05085806e-04    0.00000000e+00    3.52542903e-04    5.04121662e-01
 153250.000000    7.05085132e-04    0.00000000e+00    3.52542566e-04    5.04122914e-01
 153500.000000    7.05084468e-04    0.00000000e+00    3.52542234e-04    5.04124148e-01
 153750.000000    7.05083814e-04    0.00000000e+00    3.52541907e-04    5.04125364e-01
 154000.000000    7.05083170e-04    0.00000000e+00    3.52541585e-04    5.04126562e-01
 154250.000000    7.05082535e-04    0.00000000e+00    3.52541268e-04    5.04127742e-01
 154500.000000    7.05081910e-04    0.00000000e+00    3.52540955e-04    5.04128905e-01
 154750.000000    7.05081293e-04    0.00000000e+00    3.52540647e-04    5.04130052e-01
 155000.000000    7.05080686e-04    0.00000000e+00    3.52540343e-04    5.04131181e-01
 155250.000000    7.05080088e-04    0.00000000e+00    3.52540044e-04    5.04132295e-01
 155500.000000    7.05079498e-04    0.00000000e+00    3.52539749e-04    5.04133392e-01
 155750.000000    7.05078917e-04    0.00000000e+00    3.52539459e-04    5.04134473e-01
 156000.000000    7.05078345e-04    0.00000000e+00    3.52539172e-04    5.04135538e-01
 156250.000000    7.05077781e-04    0.00000000e+00    3.52538890e-04    5.04136588e-01
 156500.000000    7.05077225e-04    0.00000000e+00    3.52538612e-04    5.04137623e-01
 156750.000000    7.05076677e-04    0.00000000e+00    3.52538338e-04    5.04138642e-01
 157000.000000    7.05076137e-04    0.00000000e+00    3.52538068e-04    5.04139647e-01
 157250.000000    7.05075604e-04    0.00000000e+00    3.52537802e-04    5.04140637e-01
 157500.000000    7.05075079e-04    0.00000000e+00    3.52537540e-04    5.04141613e-01
 157750.000000    7.05074562e-04    0.00000000e+00    3.52537281e-04    5.04142575e-01
 158000.000000    7.05074052e-04    0.00000000e+00    3.52537026e-04    5.04143523e-01
 158250.000000    7.05073550e-04    0.00000000e+00    3.52536775e-04    5.04144457e-01
 158500.000000    7.05073055e-04    0.00000000e+00    3.52536527e-04    5.04145377e-01
 158750.000000    7.05072567e-04    0.00000000e+00    3.52536283e-04    5.04146284e-01
 159000.000000    7.05072086e-04    0.00000000e+00    3.52536043e-04    5.04147178e-01
 159250.000000    7.05071612e-04    0.00000000e+00    3.52535806e-04    5.04148059e-01
 159500.000000    7.05071144e-04    0.00000000e+00    3.52535572e-04    5.04148927e-01
 159750.000000    7.05070684e-04    0.00000000e+00    3.52535342e-04    5.04149783e-01
 160000.000000    7.05070230e-04    0.00000000e+00    3.52535115e-04    5.04150626e-01
 160250.000000    7.05069783e-04    0.00000000e+00    3.52534892e-04    5.04151457e-01
 160500.000000    7.05069343e-04    0.00000000e+00    3.52534671e-04    5.04152276e-01
 160750.000000    7.05068909e-04    0.00000000e+00    3.52534454e-04    5.04153083e-01
 161000.000000    7.05068481e-04    0.00000000e+00    3.52534241e-04    5.04153878e-01
 161250.000000    7.05068060e-04    0.00000000e+00    3.52534030e-04    5.04154662e-01
 161500.000000    7.05067645e-04    0.00000000e+00    3.52533823e-04    5.04155434e-01
 161750.000000    7.05067236e-04    0.00000000e+00    3.52533618e-04    5.04156195e-01
 162000.000000    7.05066833e-04    0.00000000e+00    3.52533417e-04    5.04156945e-01
 162250.000000    7.05066436e-04    0.00000000e+00    3.52533218e-04    5.04157684e-01
 162500.000000    7.05066045e-04    0.00000000e+00    3.52533022e-04    5.04158412e-01
 162750.000000    7.05065660e-04    0.00000000e+00    3.52532830e-04    5.04159129e-01
 163000.000000    7.05065280e-04    0.00000000e+00    3.52532640e-04    5.04159836e-01
 163250.000000    7.05064905e-04    0.00000000e+00    3.52532453e-04    5.04160533e-01
 163500.000000    7.05064537e-04    0.00000000e+00    3.52532268e-04    5.04161220e-01
 163750.000000    7.05064173e-04    0.00000000e+00    3.52532087e-04    5.04161897e-01
 164000.000000    7.05063815e-04    0.00000000e+00    3.52531908e-04    5.04162564e-01
 164250.000000    7.05063462e-04    0.00000000e+00    3.52531731e-04    5.04163221e-01
 164500.000000    7.05063114e-04    0.00000000e+00    3.52531557e-04    5.04163868e-01
 164750.000000    7.05062772e-04    0.00000000e+00    3.52531386e-04    5.04164507e-01
 165000.000000    7.05062434e-04    0.00000000e+00    3.52531217e-04    5.04165135e-01
 165250.000000    7.05062101e-04    0.00000000e+00    3.52531050e-04    5.04165755e-01
 165500.000000    7.05061772e-04    0.00000000e+00    3.52530886e-04    5.04166366e-01
 165750.000000    7.05061449e-04    0.00000000e+00    3.52530724e-04    5.04166968e-01
 166000.000000    7.05061130e-04    0.00000000e+00    3.52530565e-04    5.04167561e-01
 166250.000000    7.05060816e-04    0.00000000e+00    3.52530408e-04    5.04168146e-01
 166500.000000    7.05060506e-04    0.00000000e+00    3.52530253e-04    5.04168722e-01
 166750.000000    7.05060201e-04    0.00000000e+00    3.52530100e-04    5.04169290e-01
 167000.000000    7.05059900e-04    0.00000000e+00    3.52529950e-04    5.04169850e-01
 167250.000000    7.05059604e-04    0.00000000e+00    3.52529802e-04    5.04170401e-01
 167500.000000    7.05059312e-04    0.00000000e+00    3.52529656e-04    5.04170944e-01
 167750.000000    7.05059024e-04    0.00000000e+00    3.52529512e-04    5.04171480e-01
 168000.000000    7.05058740e-04    0.00000000e+00    3.52529370e-04    5.04172008e-01
 168250.000000    7.05058461e-04    0.00000000e+00    3.52529230e-04    5.04172528e-01
 168500.000000    7.05058185e-04    0.00000000e+00    3.52529093e-04    5.04173040e-01
 168750.000000    7.05057914e-04    0.00000000e+00    3.52528957e-04    5.04173545e-01
 169000.000000    7.05057646e-04    0.00000000e+00    3.52528823e-04    5.04174043e-01
 169250.000000    7.05057383e-04    0.00000000e+00    3.52528691e-04    5.04174533e-01
 169500.000000    7.05057123e-04    0.00000000e+00    3.52528562e-04    5.04175017e-01
 169750.000000    7.05056867e-04    0.00000000e+00    3.52528434e-04    5.04175493e-01
 170000.000000    7.05056615e-04    0.00000000e+00    3.52528308e-04    5.04175962e-01
 170250.000000    7.05056367e-04    0.00000000e+00    3.52528183e-04    5.04176425e-01
 170500.000000    7.05056122e-04    0.00000000e+00    3.52528061e-04    5.04176881e-01
 170750.000000    7.05055881e-04    0.00000000e+00    3.52527941e-04    5.04177330e-01
 171000.000000    7.05055644e-04    0.00000000e+00    3.52527822e-04    5.04177772e-01
 171250.000000    7.05055409e-04    0.00000000e+00    3.52527705e-04    5.04178209e-01
 171500.000000    7.05055179e-04    0.00000000e+00    3.52527589e-04    5.04178638e-01
