Determining if the pthread_create exist failed with the following output:
Change Dir: /home/pzhang/chen/density_flow/CMakeFiles/CMakeTmp

Run Build Command:"/usr/bin/make" "cmTC_5dddc/fast"
/usr/bin/make -f CMakeFiles/cmTC_5dddc.dir/build.make CMakeFiles/cmTC_5dddc.dir/build
make[1]: Entering directory '/home/pzhang/chen/density_flow/CMakeFiles/CMakeTmp'
Building C object CMakeFiles/cmTC_5dddc.dir/CheckSymbolExists.c.o
/usr/bin/cc     -o CMakeFiles/cmTC_5dddc.dir/CheckSymbolExists.c.o   -c /home/pzhang/chen/density_flow/CMakeFiles/CMakeTmp/CheckSymbolExists.c
Linking C executable cmTC_5dddc
/usr/bin/cmake -E cmake_link_script CMakeFiles/cmTC_5dddc.dir/link.txt --verbose=1
/usr/bin/cc       CMakeFiles/cmTC_5dddc.dir/CheckSymbolExists.c.o  -o cmTC_5dddc -rdynamic 
CMakeFiles/cmTC_5dddc.dir/CheckSymbolExists.c.o: In function `main':
CheckSymbolExists.c:(.text+0x16): undefined reference to `pthread_create'
collect2: error: ld returned 1 exit status
CMakeFiles/cmTC_5dddc.dir/build.make:97: recipe for target 'cmTC_5dddc' failed
make[1]: *** [cmTC_5dddc] Error 1
make[1]: Leaving directory '/home/pzhang/chen/density_flow/CMakeFiles/CMakeTmp'
Makefile:126: recipe for target 'cmTC_5dddc/fast' failed
make: *** [cmTC_5dddc/fast] Error 2

File /home/pzhang/chen/density_flow/CMakeFiles/CMakeTmp/CheckSymbolExists.c:
/* */
#include <pthread.h>

int main(int argc, char** argv)
{
  (void)argv;
#ifndef pthread_create
  return ((int*)(&pthread_create))[argc];
#else
  (void)argc;
  return 0;
#endif
}

Determining if the function pthread_create exists in the pthreads failed with the following output:
Change Dir: /home/pzhang/chen/density_flow/CMakeFiles/CMakeTmp

Run Build Command:"/usr/bin/make" "cmTC_abb5a/fast"
/usr/bin/make -f CMakeFiles/cmTC_abb5a.dir/build.make CMakeFiles/cmTC_abb5a.dir/build
make[1]: Entering directory '/home/pzhang/chen/density_flow/CMakeFiles/CMakeTmp'
Building C object CMakeFiles/cmTC_abb5a.dir/CheckFunctionExists.c.o
/usr/bin/cc    -DCHECK_FUNCTION_EXISTS=pthread_create   -o CMakeFiles/cmTC_abb5a.dir/CheckFunctionExists.c.o   -c /usr/share/cmake-3.5/Modules/CheckFunctionExists.c
Linking C executable cmTC_abb5a
/usr/bin/cmake -E cmake_link_script CMakeFiles/cmTC_abb5a.dir/link.txt --verbose=1
/usr/bin/cc   -DCHECK_FUNCTION_EXISTS=pthread_create    CMakeFiles/cmTC_abb5a.dir/CheckFunctionExists.c.o  -o cmTC_abb5a -rdynamic -lpthreads 
/usr/bin/ld: cannot find -lpthreads
collect2: error: ld returned 1 exit status
CMakeFiles/cmTC_abb5a.dir/build.make:97: recipe for target 'cmTC_abb5a' failed
make[1]: *** [cmTC_abb5a] Error 1
make[1]: Leaving directory '/home/pzhang/chen/density_flow/CMakeFiles/CMakeTmp'
Makefile:126: recipe for target 'cmTC_abb5a/fast' failed
make: *** [cmTC_abb5a/fast] Error 2


Determining if the pthread_create exist failed with the following output:
Change Dir: /home/pzhang/chen/density_flow/CMakeFiles/CMakeTmp

Run Build Command:"/usr/bin/make" "cmTC_44cdf/fast"
/usr/bin/make -f CMakeFiles/cmTC_44cdf.dir/build.make CMakeFiles/cmTC_44cdf.dir/build
make[1]: Entering directory '/home/pzhang/chen/density_flow/CMakeFiles/CMakeTmp'
Building C object CMakeFiles/cmTC_44cdf.dir/CheckSymbolExists.c.o
/usr/bin/cc     -o CMakeFiles/cmTC_44cdf.dir/CheckSymbolExists.c.o   -c /home/pzhang/chen/density_flow/CMakeFiles/CMakeTmp/CheckSymbolExists.c
Linking C executable cmTC_44cdf
/usr/bin/cmake -E cmake_link_script CMakeFiles/cmTC_44cdf.dir/link.txt --verbose=1
/usr/bin/cc       CMakeFiles/cmTC_44cdf.dir/CheckSymbolExists.c.o  -o cmTC_44cdf -rdynamic 
CMakeFiles/cmTC_44cdf.dir/CheckSymbolExists.c.o: In function `main':
CheckSymbolExists.c:(.text+0x16): undefined reference to `pthread_create'
collect2: error: ld returned 1 exit status
CMakeFiles/cmTC_44cdf.dir/build.make:97: recipe for target 'cmTC_44cdf' failed
make[1]: *** [cmTC_44cdf] Error 1
make[1]: Leaving directory '/home/pzhang/chen/density_flow/CMakeFiles/CMakeTmp'
Makefile:126: recipe for target 'cmTC_44cdf/fast' failed
make: *** [cmTC_44cdf/fast] Error 2

File /home/pzhang/chen/density_flow/CMakeFiles/CMakeTmp/CheckSymbolExists.c:
/* */
#include <pthread.h>

int main(int argc, char** argv)
{
  (void)argv;
#ifndef pthread_create
  return ((int*)(&pthread_create))[argc];
#else
  (void)argc;
  return 0;
#endif
}

Determining if the function pthread_create exists in the pthreads failed with the following output:
Change Dir: /home/pzhang/chen/density_flow/CMakeFiles/CMakeTmp

Run Build Command:"/usr/bin/make" "cmTC_ad127/fast"
/usr/bin/make -f CMakeFiles/cmTC_ad127.dir/build.make CMakeFiles/cmTC_ad127.dir/build
make[1]: Entering directory '/home/pzhang/chen/density_flow/CMakeFiles/CMakeTmp'
Building C object CMakeFiles/cmTC_ad127.dir/CheckFunctionExists.c.o
/usr/bin/cc    -DCHECK_FUNCTION_EXISTS=pthread_create   -o CMakeFiles/cmTC_ad127.dir/CheckFunctionExists.c.o   -c /usr/share/cmake-3.5/Modules/CheckFunctionExists.c
Linking C executable cmTC_ad127
/usr/bin/cmake -E cmake_link_script CMakeFiles/cmTC_ad127.dir/link.txt --verbose=1
/usr/bin/cc   -DCHECK_FUNCTION_EXISTS=pthread_create    CMakeFiles/cmTC_ad127.dir/CheckFunctionExists.c.o  -o cmTC_ad127 -rdynamic -lpthreads 
/usr/bin/ld: cannot find -lpthreads
collect2: error: ld returned 1 exit status
CMakeFiles/cmTC_ad127.dir/build.make:97: recipe for target 'cmTC_ad127' failed
make[1]: *** [cmTC_ad127] Error 1
make[1]: Leaving directory '/home/pzhang/chen/density_flow/CMakeFiles/CMakeTmp'
Makefile:126: recipe for target 'cmTC_ad127/fast' failed
make: *** [cmTC_ad127/fast] Error 2


